<?xml version="1.0" encoding="UTF-8"?>
<!-- Generated by org.testng.reporters.JUnitXMLReporter -->
<testsuite ignored="0" hostname="LAPTOP-C2Q8BJ3N" failures="0" tests="5" name="Login" time="18.596" errors="0" timestamp="25 May 2024 12:34:37 GMT">
  <testcase classname="com.tutorialsninja.testCases.Login" name="verifyLoginWithValidCredentials" time="1.036"/>
  <testcase classname="com.tutorialsninja.testCases.Login" name="verifyLoginWithInvalidCredentials" time="0.841"/>
  <testcase classname="com.tutorialsninja.testCases.Login" name="verifyloginWithInvalidEmailAndValidPassword" time="0.694"/>
  <testcase classname="com.tutorialsninja.testCases.Login" name="verifyLoginWithValidEmailAndInvalidPassword" time="0.728"/>
  <testcase classname="com.tutorialsninja.testCases.Login" name="verifyloginWithoutCredentials" time="0.443"/>
</testsuite> <!-- Login -->
