<?xml version="1.0" encoding="UTF-8"?>
<!-- Generated by org.testng.reporters.JUnitXMLReporter -->
<testsuite ignored="0" hostname="LAPTOP-C2Q8BJ3N" failures="0" tests="5" name="LoginTest" time="18.058" errors="0" timestamp="24 May 2024 12:23:43 GMT">
  <testcase classname="com.tutorialsninja.testCases.Login" name="verifyLoginWithValidCredentials" time="0.953"/>
  <testcase classname="com.tutorialsninja.testCases.Login" name="verifyLoginWithInvalidCredentials" time="0.716"/>
  <testcase classname="com.tutorialsninja.testCases.Login" name="verifyloginWithInvalidEmailAndValidPassword" time="0.789"/>
  <testcase classname="com.tutorialsninja.testCases.Login" name="verifyLoginWithValidEmailAndInvalidPassword" time="0.622"/>
  <testcase classname="com.tutorialsninja.testCases.Login" name="verifyloginWithoutCredentials" time="0.557"/>
</testsuite> <!-- LoginTest -->
