<?xml version="1.0" encoding="UTF-8"?>
<!-- Generated by org.testng.reporters.JUnitXMLReporter -->
<testsuite ignored="0" hostname="LAPTOP-C2Q8BJ3N" failures="0" tests="4" name="Register" time="20.608" errors="0" timestamp="25 May 2024 12:34:18 GMT">
  <testcase classname="com.tutorialsninja.testCases.Register" name="verifyRegisterAccountWithOnlyMandatoryFields" time="1.83"/>
  <testcase classname="com.tutorialsninja.testCases.Register" name="verifyRegisterAccountWithAllFileds" time="1.871"/>
  <testcase classname="com.tutorialsninja.testCases.Register" name="verifyRegisterAccountWithYesOptionIsSelectedForNewsletterFiled" time="1.907"/>
  <testcase classname="com.tutorialsninja.testCases.Register" name="verifyDifferentWaysOfNavigatingToRegisterAccountPage" time="1.543"/>
</testsuite> <!-- Register -->
