<?xml version="1.0" encoding="UTF-8"?>
<!-- Generated by org.testng.reporters.JUnitXMLReporter -->
<testsuite ignored="0" hostname="LAPTOP-C2Q8BJ3N" failures="0" tests="4" name="RegisterTest" time="20.842" errors="0" timestamp="24 May 2024 12:23:24 GMT">
  <testcase classname="com.tutorialsninja.testCases.Register" name="verifyRegisterAccountWithOnlyMandatoryFields" time="1.831"/>
  <testcase classname="com.tutorialsninja.testCases.Register" name="verifyRegisterAccountWithAllFileds" time="1.815"/>
  <testcase classname="com.tutorialsninja.testCases.Register" name="verifyRegisterAccountWithYesOptionIsSelectedForNewsletterFiled" time="2.144"/>
  <testcase classname="com.tutorialsninja.testCases.Register" name="verifyDifferentWaysOfNavigatingToRegisterAccountPage" time="1.454"/>
</testsuite> <!-- RegisterTest -->
