<?xml version="1.0" encoding="UTF-8"?>
<!-- Generated by org.testng.reporters.JUnitXMLReporter -->
<testsuite ignored="0" hostname="LAPTOP-C2Q8BJ3N" failures="0" tests="3" name="Regression" time="14.881" errors="0" timestamp="25 May 2024 12:28:19 GMT">
  <testcase classname="com.tutorialsninja.testCases.Register" name="verifyRegisterAccountWithOnlyMandatoryFields" time="1.734"/>
  <testcase classname="com.tutorialsninja.testCases.Login" name="verifyLoginWithValidCredentials" time="1.092"/>
  <testcase classname="com.tutorialsninja.testCases.AddToCart" name="verifyAddingProductToCartFromProductDisplayPage" time="1.495"/>
</testsuite> <!-- Regression -->
