<?xml version="1.0" encoding="UTF-8"?>
<!-- Generated by org.testng.reporters.JUnitXMLReporter -->
<testsuite ignored="0" hostname="LAPTOP-C2Q8BJ3N" failures="0" tests="3" name="Test" time="12.937" errors="0" timestamp="23 May 2024 05:09:09 GMT">
  <testcase classname="com.tutorialsninja.testCases.Register" name="verifyRegisterAccountWithOnlyMandatoryFields" time="2.083"/>
  <testcase classname="com.tutorialsninja.testCases.Login" name="verifyLoginWithValidCredentials" time="1.152"/>
  <testcase classname="com.tutorialsninja.testCases.AddToCart" name="verifyAddingProductToCartFromProductDisplayPage" time="1.764"/>
</testsuite> <!-- Test -->
