<?xml version="1.0" encoding="UTF-8"?>
<testng-results ignored="0" total="11" passed="10" failed="1" skipped="0">
  <reporter-output>
  </reporter-output>
  <suite started-at="2024-05-25T13:45:12Z" name="MyTestSuite" finished-at="2024-05-25T13:46:00Z" duration-ms="48427">
    <groups>
    </groups>
    <test started-at="2024-05-25T13:45:12Z" name="RegressionTests" finished-at="2024-05-25T13:46:00Z" duration-ms="48427">
      <class name="com.tutorialsninja.testCases.Login">
        <test-method is-config="true" signature="setUp()[pri:0, instance:com.tutorialsninja.testCases.Login@15713d56]" started-at="2024-05-25T13:45:32Z" name="setUp" finished-at="2024-05-25T13:45:34Z" duration-ms="2552" status="PASS">
          <reporter-output>
          </reporter-output>
        </test-method> <!-- setUp -->
        <test-method signature="verifyLoginWithValidCredentials()[pri:5, instance:com.tutorialsninja.testCases.Login@15713d56]" started-at="2024-05-25T13:45:34Z" name="verifyLoginWithValidCredentials" finished-at="2024-05-25T13:45:35Z" duration-ms="964" status="PASS">
          <reporter-output>
          </reporter-output>
        </test-method> <!-- verifyLoginWithValidCredentials -->
        <test-method is-config="true" signature="tearDown()[pri:0, instance:com.tutorialsninja.testCases.Login@15713d56]" started-at="2024-05-25T13:45:35Z" name="tearDown" finished-at="2024-05-25T13:45:35Z" duration-ms="125" status="PASS">
          <reporter-output>
          </reporter-output>
        </test-method> <!-- tearDown -->
        <test-method is-config="true" signature="setUp()[pri:0, instance:com.tutorialsninja.testCases.Login@15713d56]" started-at="2024-05-25T13:45:35Z" name="setUp" finished-at="2024-05-25T13:45:38Z" duration-ms="2747" status="PASS">
          <reporter-output>
          </reporter-output>
        </test-method> <!-- setUp -->
        <test-method signature="verifyLoginWithInvalidCredentials()[pri:6, instance:com.tutorialsninja.testCases.Login@15713d56]" started-at="2024-05-25T13:45:38Z" name="verifyLoginWithInvalidCredentials" finished-at="2024-05-25T13:45:39Z" duration-ms="861" status="PASS">
          <reporter-output>
          </reporter-output>
        </test-method> <!-- verifyLoginWithInvalidCredentials -->
        <test-method is-config="true" signature="tearDown()[pri:0, instance:com.tutorialsninja.testCases.Login@15713d56]" started-at="2024-05-25T13:45:39Z" name="tearDown" finished-at="2024-05-25T13:45:39Z" duration-ms="111" status="PASS">
          <reporter-output>
          </reporter-output>
        </test-method> <!-- tearDown -->
        <test-method is-config="true" signature="setUp()[pri:0, instance:com.tutorialsninja.testCases.Login@15713d56]" started-at="2024-05-25T13:45:39Z" name="setUp" finished-at="2024-05-25T13:45:42Z" duration-ms="2908" status="PASS">
          <reporter-output>
          </reporter-output>
        </test-method> <!-- setUp -->
        <test-method signature="verifyloginWithInvalidEmailAndValidPassword()[pri:7, instance:com.tutorialsninja.testCases.Login@15713d56]" started-at="2024-05-25T13:45:42Z" name="verifyloginWithInvalidEmailAndValidPassword" finished-at="2024-05-25T13:45:43Z" duration-ms="725" status="PASS">
          <reporter-output>
          </reporter-output>
        </test-method> <!-- verifyloginWithInvalidEmailAndValidPassword -->
        <test-method is-config="true" signature="tearDown()[pri:0, instance:com.tutorialsninja.testCases.Login@15713d56]" started-at="2024-05-25T13:45:43Z" name="tearDown" finished-at="2024-05-25T13:45:43Z" duration-ms="110" status="PASS">
          <reporter-output>
          </reporter-output>
        </test-method> <!-- tearDown -->
        <test-method is-config="true" signature="setUp()[pri:0, instance:com.tutorialsninja.testCases.Login@15713d56]" started-at="2024-05-25T13:45:43Z" name="setUp" finished-at="2024-05-25T13:45:45Z" duration-ms="2588" status="PASS">
          <reporter-output>
          </reporter-output>
        </test-method> <!-- setUp -->
        <test-method signature="verifyLoginWithValidEmailAndInvalidPassword()[pri:8, instance:com.tutorialsninja.testCases.Login@15713d56]" started-at="2024-05-25T13:45:45Z" name="verifyLoginWithValidEmailAndInvalidPassword" finished-at="2024-05-25T13:45:46Z" duration-ms="815" status="PASS">
          <reporter-output>
          </reporter-output>
        </test-method> <!-- verifyLoginWithValidEmailAndInvalidPassword -->
        <test-method is-config="true" signature="tearDown()[pri:0, instance:com.tutorialsninja.testCases.Login@15713d56]" started-at="2024-05-25T13:45:46Z" name="tearDown" finished-at="2024-05-25T13:45:46Z" duration-ms="113" status="PASS">
          <reporter-output>
          </reporter-output>
        </test-method> <!-- tearDown -->
        <test-method is-config="true" signature="setUp()[pri:0, instance:com.tutorialsninja.testCases.Login@15713d56]" started-at="2024-05-25T13:45:46Z" name="setUp" finished-at="2024-05-25T13:45:50Z" duration-ms="3735" status="PASS">
          <reporter-output>
          </reporter-output>
        </test-method> <!-- setUp -->
        <test-method signature="verifyloginWithoutCredentials()[pri:9, instance:com.tutorialsninja.testCases.Login@15713d56]" started-at="2024-05-25T13:45:50Z" name="verifyloginWithoutCredentials" finished-at="2024-05-25T13:45:51Z" duration-ms="650" status="PASS">
          <reporter-output>
          </reporter-output>
        </test-method> <!-- verifyloginWithoutCredentials -->
        <test-method is-config="true" signature="tearDown()[pri:0, instance:com.tutorialsninja.testCases.Login@15713d56]" started-at="2024-05-25T13:45:51Z" name="tearDown" finished-at="2024-05-25T13:45:51Z" duration-ms="128" status="PASS">
          <reporter-output>
          </reporter-output>
        </test-method> <!-- tearDown -->
      </class> <!-- com.tutorialsninja.testCases.Login -->
      <class name="com.tutorialsninja.testCases.Register">
        <test-method is-config="true" signature="setUp()[pri:0, instance:com.tutorialsninja.testCases.Register@6cc558c6]" started-at="2024-05-25T13:45:12Z" name="setUp" finished-at="2024-05-25T13:45:15Z" duration-ms="3554" status="PASS">
          <reporter-output>
          </reporter-output>
        </test-method> <!-- setUp -->
        <test-method signature="verifyRegisterAccountWithOnlyMandatoryFields()[pri:1, instance:com.tutorialsninja.testCases.Register@6cc558c6]" started-at="2024-05-25T13:45:15Z" name="verifyRegisterAccountWithOnlyMandatoryFields" finished-at="2024-05-25T13:45:18Z" duration-ms="2270" status="PASS">
          <reporter-output>
          </reporter-output>
        </test-method> <!-- verifyRegisterAccountWithOnlyMandatoryFields -->
        <test-method is-config="true" signature="tearDown()[pri:0, instance:com.tutorialsninja.testCases.Register@6cc558c6]" started-at="2024-05-25T13:45:18Z" name="tearDown" finished-at="2024-05-25T13:45:18Z" duration-ms="149" status="PASS">
          <reporter-output>
          </reporter-output>
        </test-method> <!-- tearDown -->
        <test-method is-config="true" signature="setUp()[pri:0, instance:com.tutorialsninja.testCases.Register@6cc558c6]" started-at="2024-05-25T13:45:18Z" name="setUp" finished-at="2024-05-25T13:45:21Z" duration-ms="2701" status="PASS">
          <reporter-output>
          </reporter-output>
        </test-method> <!-- setUp -->
        <test-method signature="verifyRegisterAccountWithAllFileds()[pri:2, instance:com.tutorialsninja.testCases.Register@6cc558c6]" started-at="2024-05-25T13:45:21Z" name="verifyRegisterAccountWithAllFileds" finished-at="2024-05-25T13:45:22Z" duration-ms="1639" status="PASS">
          <reporter-output>
          </reporter-output>
        </test-method> <!-- verifyRegisterAccountWithAllFileds -->
        <test-method is-config="true" signature="tearDown()[pri:0, instance:com.tutorialsninja.testCases.Register@6cc558c6]" started-at="2024-05-25T13:45:22Z" name="tearDown" finished-at="2024-05-25T13:45:22Z" duration-ms="139" status="PASS">
          <reporter-output>
          </reporter-output>
        </test-method> <!-- tearDown -->
        <test-method is-config="true" signature="setUp()[pri:0, instance:com.tutorialsninja.testCases.Register@6cc558c6]" started-at="2024-05-25T13:45:22Z" name="setUp" finished-at="2024-05-25T13:45:25Z" duration-ms="2859" status="PASS">
          <reporter-output>
          </reporter-output>
        </test-method> <!-- setUp -->
        <test-method signature="verifyRegisterAccountWithYesOptionIsSelectedForNewsletterFiled()[pri:3, instance:com.tutorialsninja.testCases.Register@6cc558c6]" started-at="2024-05-25T13:45:25Z" name="verifyRegisterAccountWithYesOptionIsSelectedForNewsletterFiled" finished-at="2024-05-25T13:45:27Z" duration-ms="2049" status="PASS">
          <reporter-output>
          </reporter-output>
        </test-method> <!-- verifyRegisterAccountWithYesOptionIsSelectedForNewsletterFiled -->
        <test-method is-config="true" signature="tearDown()[pri:0, instance:com.tutorialsninja.testCases.Register@6cc558c6]" started-at="2024-05-25T13:45:27Z" name="tearDown" finished-at="2024-05-25T13:45:27Z" duration-ms="93" status="PASS">
          <reporter-output>
          </reporter-output>
        </test-method> <!-- tearDown -->
        <test-method is-config="true" signature="setUp()[pri:0, instance:com.tutorialsninja.testCases.Register@6cc558c6]" started-at="2024-05-25T13:45:27Z" name="setUp" finished-at="2024-05-25T13:45:30Z" duration-ms="2777" status="PASS">
          <reporter-output>
          </reporter-output>
        </test-method> <!-- setUp -->
        <test-method signature="verifyDifferentWaysOfNavigatingToRegisterAccountPage()[pri:4, instance:com.tutorialsninja.testCases.Register@6cc558c6]" started-at="2024-05-25T13:45:30Z" name="verifyDifferentWaysOfNavigatingToRegisterAccountPage" finished-at="2024-05-25T13:45:31Z" duration-ms="1310" status="PASS">
          <reporter-output>
          </reporter-output>
        </test-method> <!-- verifyDifferentWaysOfNavigatingToRegisterAccountPage -->
        <test-method is-config="true" signature="tearDown()[pri:0, instance:com.tutorialsninja.testCases.Register@6cc558c6]" started-at="2024-05-25T13:45:31Z" name="tearDown" finished-at="2024-05-25T13:45:32Z" duration-ms="172" status="PASS">
          <reporter-output>
          </reporter-output>
        </test-method> <!-- tearDown -->
      </class> <!-- com.tutorialsninja.testCases.Register -->
      <class name="com.tutorialsninja.testCases.AddToCart">
        <test-method is-config="true" signature="setUp()[pri:0, instance:com.tutorialsninja.testCases.AddToCart@63f259c3]" started-at="2024-05-25T13:45:51Z" name="setUp" finished-at="2024-05-25T13:45:54Z" duration-ms="2926" status="PASS">
          <reporter-output>
          </reporter-output>
        </test-method> <!-- setUp -->
        <test-method signature="verifyAddingProductToCartFromProductDisplayPage()[pri:10, instance:com.tutorialsninja.testCases.AddToCart@63f259c3]" started-at="2024-05-25T13:45:54Z" name="verifyAddingProductToCartFromProductDisplayPage" finished-at="2024-05-25T13:45:55Z" duration-ms="1724" status="PASS">
          <reporter-output>
          </reporter-output>
        </test-method> <!-- verifyAddingProductToCartFromProductDisplayPage -->
        <test-method is-config="true" signature="tearDown()[pri:0, instance:com.tutorialsninja.testCases.AddToCart@63f259c3]" started-at="2024-05-25T13:45:55Z" name="tearDown" finished-at="2024-05-25T13:45:56Z" duration-ms="124" status="PASS">
          <reporter-output>
          </reporter-output>
        </test-method> <!-- tearDown -->
        <test-method is-config="true" signature="setUp()[pri:0, instance:com.tutorialsninja.testCases.AddToCart@63f259c3]" started-at="2024-05-25T13:45:56Z" name="setUp" finished-at="2024-05-25T13:45:58Z" duration-ms="2942" status="PASS">
          <reporter-output>
          </reporter-output>
        </test-method> <!-- setUp -->
        <test-method signature="verifyAddingTheProductFromWishlist()[pri:11, instance:com.tutorialsninja.testCases.AddToCart@63f259c3]" started-at="2024-05-25T13:45:58Z" name="verifyAddingTheProductFromWishlist" finished-at="2024-05-25T13:46:00Z" duration-ms="1325" status="FAIL">
          <exception class="java.lang.IllegalArgumentException">
            <message>
              <![CDATA[Keys to send should be a not null CharSequence]]>
            </message>
            <full-stacktrace>
              <![CDATA[java.lang.IllegalArgumentException: Keys to send should be a not null CharSequence
at org.openqa.selenium.remote.RemoteWebElement.sendKeys(RemoteWebElement.java:96)
at jdk.internal.reflect.GeneratedMethodAccessor1.invoke(Unknown Source)
at java.base/jdk.internal.reflect.DelegatingMethodAccessorImpl.invoke(DelegatingMethodAccessorImpl.java:43)
at java.base/java.lang.reflect.Method.invoke(Method.java:568)
at org.openqa.selenium.support.pagefactory.internal.LocatingElementHandler.invoke(LocatingElementHandler.java:51)
at jdk.proxy2/jdk.proxy2.$Proxy14.sendKeys(Unknown Source)
at com.tutorialsninja.pageObjects.HomePage.enterTextIntoSearchBoxField(HomePage.java:55)
at com.tutorialsninja.testCases.AddToCart.verifyAddingTheProductFromWishlist(AddToCart.java:55)
at java.base/jdk.internal.reflect.NativeMethodAccessorImpl.invoke0(Native Method)
at java.base/jdk.internal.reflect.NativeMethodAccessorImpl.invoke(NativeMethodAccessorImpl.java:77)
at java.base/jdk.internal.reflect.DelegatingMethodAccessorImpl.invoke(DelegatingMethodAccessorImpl.java:43)
at java.base/java.lang.reflect.Method.invoke(Method.java:568)
at org.testng.internal.MethodInvocationHelper.invokeMethod(MethodInvocationHelper.java:124)
at org.testng.internal.Invoker.invokeMethod(Invoker.java:583)
at org.testng.internal.Invoker.invokeTestMethod(Invoker.java:719)
at org.testng.internal.Invoker.invokeTestMethods(Invoker.java:989)
at org.testng.internal.TestMethodWorker.invokeTestMethods(TestMethodWorker.java:125)
at org.testng.internal.TestMethodWorker.run(TestMethodWorker.java:109)
at org.testng.TestRunner.privateRun(TestRunner.java:648)
at org.testng.TestRunner.run(TestRunner.java:505)
at org.testng.SuiteRunner.runTest(SuiteRunner.java:455)
at org.testng.SuiteRunner.runSequentially(SuiteRunner.java:450)
at org.testng.SuiteRunner.privateRun(SuiteRunner.java:415)
at org.testng.SuiteRunner.run(SuiteRunner.java:364)
at org.testng.SuiteRunnerWorker.runSuite(SuiteRunnerWorker.java:52)
at org.testng.SuiteRunnerWorker.run(SuiteRunnerWorker.java:84)
at org.testng.TestNG.runSuitesSequentially(TestNG.java:1208)
at org.testng.TestNG.runSuitesLocally(TestNG.java:1137)
at org.testng.TestNG.runSuites(TestNG.java:1049)
at org.testng.TestNG.run(TestNG.java:1017)
at org.testng.remote.AbstractRemoteTestNG.run(AbstractRemoteTestNG.java:115)
at org.testng.remote.RemoteTestNG.initAndRun(RemoteTestNG.java:251)
at org.testng.remote.RemoteTestNG.main(RemoteTestNG.java:77)
]]>
            </full-stacktrace>
          </exception> <!-- java.lang.IllegalArgumentException -->
          <reporter-output>
          </reporter-output>
        </test-method> <!-- verifyAddingTheProductFromWishlist -->
        <test-method is-config="true" signature="tearDown()[pri:0, instance:com.tutorialsninja.testCases.AddToCart@63f259c3]" started-at="2024-05-25T13:46:00Z" name="tearDown" finished-at="2024-05-25T13:46:00Z" duration-ms="80" status="PASS">
          <reporter-output>
          </reporter-output>
        </test-method> <!-- tearDown -->
      </class> <!-- com.tutorialsninja.testCases.AddToCart -->
    </test> <!-- RegressionTests -->
  </suite> <!-- MyTestSuite -->
</testng-results>
